<?xml version="1.0" encoding="UTF-8"?>
<!-- Generated by org.testng.reporters.JUnitReportReporter -->
<testsuite skipped="0" hostname="SARSCCwwFgjS2kJ" name="testcases.searchTest" tests="1" failures="0" timestamp="2021-04-20T08:40:36 AEST" time="8.107" errors="0">
  <testcase name="search" time="8.107" classname="testcases.searchTest"/>
  <system-out/>
</testsuite> <!-- testcases.searchTest -->
