<?xml version="1.0" encoding="UTF-8"?>
<!-- Generated by org.testng.reporters.JUnitReportReporter -->
<testsuite skipped="0" hostname="SARSCCwwFgjS2kJ" name="tests.TestngTest" tests="2" failures="0" timestamp="2021-04-20T08:40:36 AEST" time="12.425" errors="0">
  <testcase name="runScenario" time="5.553" classname="tests.TestngTest"/>
  <system-out/>
  <testcase name="runScenario" time="6.872" classname="tests.TestngTest"/>
  <system-out/>
</testsuite> <!-- tests.TestngTest -->
