<?xml version="1.0" encoding="UTF-8"?>
<!-- Generated by org.testng.reporters.JUnitReportReporter -->
<testsuite skipped="0" hostname="SARSCCwwFgjS2kJ" name="tests.TestngTest" tests="2" failures="0" timestamp="2021-04-23T13:40:20 AEST" time="11.108" errors="0">
  <testcase name="runScenario" time="5.357" classname="tests.TestngTest"/>
  <system-out/>
  <testcase name="runScenario" time="5.751" classname="tests.TestngTest"/>
  <system-out/>
</testsuite> <!-- tests.TestngTest -->
