<?xml version="1.0" encoding="UTF-8"?>
<!-- Generated by org.testng.reporters.JUnitReportReporter -->
<testsuite skipped="0" hostname="SARSCCwwFgjS2kJ" name="testcases.searchTest" tests="1" failures="0" timestamp="2021-04-18T18:55:16 AEST" time="5.484" errors="0">
  <testcase name="search" time="5.484" classname="testcases.searchTest"/>
  <system-out/>
</testsuite> <!-- testcases.searchTest -->
